<?xml version="1.0" encoding="UTF-8"?>
<testsuite xmlns:xsi="http://www.w3.org/2001/XMLSchema-instance" xsi:noNamespaceSchemaLocation="https://maven.apache.org/surefire/maven-surefire-plugin/xsd/surefire-test-report-3.0.xsd" version="3.0" name="io.joshuasalcedo.library.prettyconsole.utils.FileUtilsTest" time="0.309" tests="19" errors="0" skipped="0" failures="0">
  <properties>
    <property name="java.specification.version" value="21"/>
    <property name="sun.cpu.isalist" value="amd64"/>
    <property name="sun.jnu.encoding" value="Cp1252"/>
    <property name="java.class.path" value="C:\Users\JoshuaSalcedo\IdeaProjects\core\library-parent\pretty-console\target\test-classes;C:\Users\JoshuaSalcedo\IdeaProjects\core\library-parent\pretty-console\target\classes;C:\Users\JoshuaSalcedo\.m2\repository\org\junit\platform\junit-platform-suite\1.10.1\junit-platform-suite-1.10.1.jar;C:\Users\JoshuaSalcedo\.m2\repository\org\junit\platform\junit-platform-suite-api\1.10.1\junit-platform-suite-api-1.10.1.jar;C:\Users\JoshuaSalcedo\.m2\repository\org\projectlombok\lombok\1.18.38\lombok-1.18.38.jar;C:\Users\JoshuaSalcedo\.m2\repository\org\junit\platform\junit-platform-suite-engine\1.10.1\junit-platform-suite-engine-1.10.1.jar;C:\Users\JoshuaSalcedo\.m2\repository\org\apiguardian\apiguardian-api\1.1.2\apiguardian-api-1.1.2.jar;C:\Users\JoshuaSalcedo\.m2\repository\org\junit\platform\junit-platform-suite-commons\1.10.1\junit-platform-suite-commons-1.10.1.jar;C:\Users\JoshuaSalcedo\.m2\repository\org\junit\platform\junit-platform-launcher\1.10.1\junit-platform-launcher-1.10.1.jar;C:\Users\JoshuaSalcedo\.m2\repository\org\junit\jupiter\junit-jupiter-api\5.10.1\junit-jupiter-api-5.10.1.jar;C:\Users\JoshuaSalcedo\.m2\repository\org\opentest4j\opentest4j\1.3.0\opentest4j-1.3.0.jar;C:\Users\JoshuaSalcedo\.m2\repository\org\junit\platform\junit-platform-commons\1.10.1\junit-platform-commons-1.10.1.jar;C:\Users\JoshuaSalcedo\.m2\repository\org\junit\jupiter\junit-jupiter-engine\5.10.1\junit-jupiter-engine-5.10.1.jar;C:\Users\JoshuaSalcedo\.m2\repository\org\junit\jupiter\junit-jupiter-params\5.10.1\junit-jupiter-params-5.10.1.jar;C:\Users\JoshuaSalcedo\.m2\repository\org\slf4j\slf4j-api\2.0.9\slf4j-api-2.0.9.jar;C:\Users\JoshuaSalcedo\.m2\repository\org\slf4j\slf4j-simple\2.0.9\slf4j-simple-2.0.9.jar;C:\Users\JoshuaSalcedo\.m2\repository\org\junit\platform\junit-platform-engine\1.10.1\junit-platform-engine-1.10.1.jar;"/>
    <property name="java.vm.vendor" value="Eclipse Adoptium"/>
    <property name="sun.arch.data.model" value="64"/>
    <property name="user.variant" value=""/>
    <property name="java.vendor.url" value="https://adoptium.net/"/>
    <property name="user.timezone" value="Asia/Manila"/>
    <property name="os.name" value="Windows 11"/>
    <property name="java.vm.specification.version" value="21"/>
    <property name="sun.java.launcher" value="SUN_STANDARD"/>
    <property name="user.country" value="PH"/>
    <property name="sun.boot.library.path" value="C:\Program Files\Eclipse Adoptium\jdk-21.0.7.6-hotspot\bin"/>
    <property name="sun.java.command" value="C:\Users\JoshuaSalcedo\AppData\Local\Temp\surefire15148375902719856684\surefirebooter-20250516020516498_3.jar C:\Users\JoshuaSalcedo\AppData\Local\Temp\surefire15148375902719856684 2025-05-16T02-05-16_359-jvmRun1 surefire-20250516020516498_1tmp surefire_0-20250516020516498_2tmp"/>
    <property name="jdk.debug" value="release"/>
    <property name="surefire.test.class.path" value="C:\Users\JoshuaSalcedo\IdeaProjects\core\library-parent\pretty-console\target\test-classes;C:\Users\JoshuaSalcedo\IdeaProjects\core\library-parent\pretty-console\target\classes;C:\Users\JoshuaSalcedo\.m2\repository\org\junit\platform\junit-platform-suite\1.10.1\junit-platform-suite-1.10.1.jar;C:\Users\JoshuaSalcedo\.m2\repository\org\junit\platform\junit-platform-suite-api\1.10.1\junit-platform-suite-api-1.10.1.jar;C:\Users\JoshuaSalcedo\.m2\repository\org\projectlombok\lombok\1.18.38\lombok-1.18.38.jar;C:\Users\JoshuaSalcedo\.m2\repository\org\junit\platform\junit-platform-suite-engine\1.10.1\junit-platform-suite-engine-1.10.1.jar;C:\Users\JoshuaSalcedo\.m2\repository\org\apiguardian\apiguardian-api\1.1.2\apiguardian-api-1.1.2.jar;C:\Users\JoshuaSalcedo\.m2\repository\org\junit\platform\junit-platform-suite-commons\1.10.1\junit-platform-suite-commons-1.10.1.jar;C:\Users\JoshuaSalcedo\.m2\repository\org\junit\platform\junit-platform-launcher\1.10.1\junit-platform-launcher-1.10.1.jar;C:\Users\JoshuaSalcedo\.m2\repository\org\junit\jupiter\junit-jupiter-api\5.10.1\junit-jupiter-api-5.10.1.jar;C:\Users\JoshuaSalcedo\.m2\repository\org\opentest4j\opentest4j\1.3.0\opentest4j-1.3.0.jar;C:\Users\JoshuaSalcedo\.m2\repository\org\junit\platform\junit-platform-commons\1.10.1\junit-platform-commons-1.10.1.jar;C:\Users\JoshuaSalcedo\.m2\repository\org\junit\jupiter\junit-jupiter-engine\5.10.1\junit-jupiter-engine-5.10.1.jar;C:\Users\JoshuaSalcedo\.m2\repository\org\junit\jupiter\junit-jupiter-params\5.10.1\junit-jupiter-params-5.10.1.jar;C:\Users\JoshuaSalcedo\.m2\repository\org\slf4j\slf4j-api\2.0.9\slf4j-api-2.0.9.jar;C:\Users\JoshuaSalcedo\.m2\repository\org\slf4j\slf4j-simple\2.0.9\slf4j-simple-2.0.9.jar;C:\Users\JoshuaSalcedo\.m2\repository\org\junit\platform\junit-platform-engine\1.10.1\junit-platform-engine-1.10.1.jar;"/>
    <property name="sun.cpu.endian" value="little"/>
    <property name="user.home" value="C:\Users\JoshuaSalcedo"/>
    <property name="user.language" value="en"/>
    <property name="java.specification.vendor" value="Oracle Corporation"/>
    <property name="java.version.date" value="2025-04-15"/>
    <property name="java.home" value="C:\Program Files\Eclipse Adoptium\jdk-21.0.7.6-hotspot"/>
    <property name="file.separator" value="\"/>
    <property name="basedir" value="C:\Users\JoshuaSalcedo\IdeaProjects\core\library-parent\pretty-console"/>
    <property name="java.vm.compressedOopsMode" value="Zero based"/>
    <property name="line.separator" value="&#10;"/>
    <property name="java.vm.specification.vendor" value="Oracle Corporation"/>
    <property name="java.specification.name" value="Java Platform API Specification"/>
    <property name="surefire.real.class.path" value="C:\Users\JoshuaSalcedo\AppData\Local\Temp\surefire15148375902719856684\surefirebooter-20250516020516498_3.jar"/>
    <property name="user.script" value=""/>
    <property name="sun.management.compiler" value="HotSpot 64-Bit Tiered Compilers"/>
    <property name="java.runtime.version" value="21.0.7+6-LTS"/>
    <property name="user.name" value="JoshuaSalcedo"/>
    <property name="stdout.encoding" value="Cp1252"/>
    <property name="path.separator" value=";"/>
    <property name="os.version" value="10.0"/>
    <property name="java.runtime.name" value="OpenJDK Runtime Environment"/>
    <property name="file.encoding" value="UTF-8"/>
    <property name="java.vm.name" value="OpenJDK 64-Bit Server VM"/>
    <property name="java.vendor.version" value="Temurin-21.0.7+6"/>
    <property name="localRepository" value="C:\Users\JoshuaSalcedo\.m2\repository"/>
    <property name="java.vendor.url.bug" value="https://github.com/adoptium/adoptium-support/issues"/>
    <property name="java.io.tmpdir" value="C:\Users\JOSHUA~1\AppData\Local\Temp\"/>
    <property name="java.version" value="21.0.7"/>
    <property name="user.dir" value="C:\Users\JoshuaSalcedo\IdeaProjects\core\library-parent\pretty-console"/>
    <property name="os.arch" value="amd64"/>
    <property name="java.vm.specification.name" value="Java Virtual Machine Specification"/>
    <property name="sun.os.patch.level" value=""/>
    <property name="native.encoding" value="Cp1252"/>
    <property name="java.library.path" value="C:\Program Files\Eclipse Adoptium\jdk-21.0.7.6-hotspot\bin;C:\WINDOWS\Sun\Java\bin;C:\WINDOWS\system32;C:\WINDOWS;C:\Program Files\Eclipse Adoptium\jdk-21.0.7.6-hotspot\bin;C:\Program Files\java\graalvm-jdk-24\bin;C:\WINDOWS\system32;C:\WINDOWS;C:\WINDOWS\System32\Wbem;C:\WINDOWS\System32\WindowsPowerShell\v1.0\;C:\WINDOWS\System32\OpenSSH\;C:\Program Files\Git\cmd;C:\ProgramData\chocolatey\bin;C:\ProgramData\chocolatey\lib\maven\apache-maven-3.9.9\bin;C:\ProgramData\nvm;C:\nvm4w\nodejs;C:\Program Files\PuTTY\;C:\Program Files\PowerShell\7-preview\preview;C:\Program Files\GitHub CLI\;C:\Program Files\Maven\apache-maven-3.9.9\apache-maven\target\apache-maven-3.9.9\bin;C:\Program Files (x86)\Windows Kits\10\Windows Performance Toolkit\;C:\Program Files\Vagrant\bin;C:\Program Files\Docker\Docker\resources\bin;C:\ProgramData\nvm;C:\nvm4w\nodejs;C:\Program Files (x86)\Gpg4win\..\GnuPG\bin;C:\Program Files\PowerShell\7-preview;C:\Program Files\Eclipse Adoptium\jdk-21.0.7.6-hotspot\bin;C:\Program Files\java\graalvm-jdk-24\bin;C:\WINDOWS\system32;C:\WINDOWS;C:\WINDOWS\System32\Wbem;C:\WINDOWS\System32\WindowsPowerShell\v1.0\;C:\WINDOWS\System32\OpenSSH\;C:\Program Files\Git\cmd;C:\ProgramData\chocolatey\bin;C:\ProgramData\chocolatey\lib\maven\apache-maven-3.9.9\bin;C:\ProgramData\nvm;C:\nvm4w\nodejs;C:\Program Files\PuTTY\;C:\Program Files\PowerShell\7-preview\preview;C:\Program Files\GitHub CLI\;C:\Program Files\Maven\apache-maven-3.9.9\apache-maven\target\apache-maven-3.9.9\bin;C:\Program Files (x86)\Windows Kits\10\Windows Performance Toolkit\;C:\Program Files\Vagrant\bin;C:\Program Files\Docker\Docker\resources\bin;C:\ProgramData\nvm;C:\nvm4w\nodejs;C:\Program Files\PowerShell\7-preview;C:\Program Files\Eclipse Adoptium\jdk-21.0.7.6-hotspot\bin;C:\Program Files\java\graalvm-jdk-24\bin;C:\WINDOWS\system32;C:\WINDOWS;C:\WINDOWS\System32\Wbem;C:\WINDOWS\System32\WindowsPowerShell\v1.0\;C:\WINDOWS\System32\OpenSSH\;C:\Program Files\Git\cmd;C:\ProgramData\chocolatey\bin;C:\ProgramData\chocolatey\lib\maven\apache-maven-3.9.9\bin;C:\Program Files\PuTTY\;C:\Program Files\PowerShell\7-preview\preview;C:\Program Files\GitHub CLI\;C:\Program Files\Maven\apache-maven-3.9.9\apache-maven\target\apache-maven-3.9.9\bin;C:\Program Files (x86)\Windows Kits\10\Windows Performance Toolkit\;C:\Program Files\Vagrant\bin;C:\Program Files\Docker\Docker\resources\bin;C:\Users\JoshuaSalcedo\.cargo\bin;C:\Users\JoshuaSalcedo\AppData\Local\Programs\Python\Launcher\;C:\Users\JoshuaSalcedo\AppData\Local\Microsoft\WindowsApps;C:\Users\JoshuaSalcedo\AppData\Local\JetBrains\Toolbox\scripts;C:\Users\JoshuaSalcedo\DrJava;C:\Users\JoshuaSalcedo\AppData\Local\Programs\Microsoft VS Code\bin;C:\ProgramData\nvm;C:\nvm4w\nodejs;C:\Users\JoshuaSalcedo\AppData\Roaming\npm;."/>
    <property name="java.vm.info" value="mixed mode, sharing"/>
    <property name="stderr.encoding" value="Cp1252"/>
    <property name="java.vendor" value="Eclipse Adoptium"/>
    <property name="java.vm.version" value="21.0.7+6-LTS"/>
    <property name="sun.io.unicode.encoding" value="UnicodeLittle"/>
    <property name="java.class.version" value="65.0"/>
  </properties>
  <testcase name="testFormatFileSize(long, String)[1]" classname="io.joshuasalcedo.library.prettyconsole.utils.FileUtilsTest" time="0.102"/>
  <testcase name="testFormatFileSize(long, String)[2]" classname="io.joshuasalcedo.library.prettyconsole.utils.FileUtilsTest" time="0.009"/>
  <testcase name="testFormatFileSize(long, String)[3]" classname="io.joshuasalcedo.library.prettyconsole.utils.FileUtilsTest" time="0.011"/>
  <testcase name="testFormatFileSize(long, String)[4]" classname="io.joshuasalcedo.library.prettyconsole.utils.FileUtilsTest" time="0.01"/>
  <testcase name="testFormatFileSize(long, String)[5]" classname="io.joshuasalcedo.library.prettyconsole.utils.FileUtilsTest" time="0.01"/>
  <testcase name="testFormatFileSize(long, String)[6]" classname="io.joshuasalcedo.library.prettyconsole.utils.FileUtilsTest" time="0.008"/>
  <testcase name="testFormatFileSize(long, String)[7]" classname="io.joshuasalcedo.library.prettyconsole.utils.FileUtilsTest" time="0.01"/>
  <testcase name="testFormatFileSize(long, String)[8]" classname="io.joshuasalcedo.library.prettyconsole.utils.FileUtilsTest" time="0.009"/>
  <testcase name="testFormatFileSize(long, String)[9]" classname="io.joshuasalcedo.library.prettyconsole.utils.FileUtilsTest" time="0.009"/>
  <testcase name="testShouldIncludeFile" classname="io.joshuasalcedo.library.prettyconsole.utils.FileUtilsTest" time="0.009"/>
  <testcase name="testCalculateColumnWidthsEdgeCasesEmptyArray" classname="io.joshuasalcedo.library.prettyconsole.utils.FileUtilsTest" time="0.007"/>
  <testcase name="testSizeLargerThanTerabytes" classname="io.joshuasalcedo.library.prettyconsole.utils.FileUtilsTest" time="0.01"/>
  <testcase name="testSortingEdgeCasesSingleItem" classname="io.joshuasalcedo.library.prettyconsole.utils.FileUtilsTest" time="0.007"/>
  <testcase name="testCalculateColumnWidths" classname="io.joshuasalcedo.library.prettyconsole.utils.FileUtilsTest" time="0.008"/>
  <testcase name="testDateFormatConstant" classname="io.joshuasalcedo.library.prettyconsole.utils.FileUtilsTest" time="0.01"/>
  <testcase name="testSortingEdgeCasesEmptyArray" classname="io.joshuasalcedo.library.prettyconsole.utils.FileUtilsTest" time="0.009"/>
  <testcase name="testSortFilesByDirectoryAndName" classname="io.joshuasalcedo.library.prettyconsole.utils.FileUtilsTest" time="0.009"/>
  <testcase name="testUtilityClassHasPrivateConstructor" classname="io.joshuasalcedo.library.prettyconsole.utils.FileUtilsTest" time="0.007"/>
  <testcase name="testGetFormattedModifiedDate" classname="io.joshuasalcedo.library.prettyconsole.utils.FileUtilsTest" time="0.006"/>
</testsuite>