<?xml version="1.0" encoding="UTF-8"?>
<testsuite xmlns:xsi="http://www.w3.org/2001/XMLSchema-instance" xsi:noNamespaceSchemaLocation="https://maven.apache.org/surefire/maven-surefire-plugin/xsd/surefire-test-report-3.0.xsd" version="3.0" name="io.joshuasalcedo.library.prettyconsole.utils.TextUtilsTest" time="0.056" tests="10" errors="0" skipped="0" failures="0">
  <properties>
    <property name="java.specification.version" value="21"/>
    <property name="sun.cpu.isalist" value="amd64"/>
    <property name="sun.jnu.encoding" value="Cp1252"/>
    <property name="java.class.path" value="C:\Users\JoshuaSalcedo\IdeaProjects\core\library-parent\pretty-console\target\test-classes;C:\Users\JoshuaSalcedo\IdeaProjects\core\library-parent\pretty-console\target\classes;C:\Users\JoshuaSalcedo\.m2\repository\org\junit\platform\junit-platform-suite\1.10.1\junit-platform-suite-1.10.1.jar;C:\Users\JoshuaSalcedo\.m2\repository\org\junit\platform\junit-platform-suite-api\1.10.1\junit-platform-suite-api-1.10.1.jar;C:\Users\JoshuaSalcedo\.m2\repository\org\projectlombok\lombok\1.18.38\lombok-1.18.38.jar;C:\Users\JoshuaSalcedo\.m2\repository\org\junit\platform\junit-platform-suite-engine\1.10.1\junit-platform-suite-engine-1.10.1.jar;C:\Users\JoshuaSalcedo\.m2\repository\org\apiguardian\apiguardian-api\1.1.2\apiguardian-api-1.1.2.jar;C:\Users\JoshuaSalcedo\.m2\repository\org\junit\platform\junit-platform-suite-commons\1.10.1\junit-platform-suite-commons-1.10.1.jar;C:\Users\JoshuaSalcedo\.m2\repository\org\junit\platform\junit-platform-launcher\1.10.1\junit-platform-launcher-1.10.1.jar;C:\Users\JoshuaSalcedo\.m2\repository\org\junit\jupiter\junit-jupiter-api\5.10.1\junit-jupiter-api-5.10.1.jar;C:\Users\JoshuaSalcedo\.m2\repository\org\opentest4j\opentest4j\1.3.0\opentest4j-1.3.0.jar;C:\Users\JoshuaSalcedo\.m2\repository\org\junit\platform\junit-platform-commons\1.10.1\junit-platform-commons-1.10.1.jar;C:\Users\JoshuaSalcedo\.m2\repository\org\junit\jupiter\junit-jupiter-engine\5.10.1\junit-jupiter-engine-5.10.1.jar;C:\Users\JoshuaSalcedo\.m2\repository\org\junit\jupiter\junit-jupiter-params\5.10.1\junit-jupiter-params-5.10.1.jar;C:\Users\JoshuaSalcedo\.m2\repository\org\slf4j\slf4j-api\2.0.9\slf4j-api-2.0.9.jar;C:\Users\JoshuaSalcedo\.m2\repository\org\slf4j\slf4j-simple\2.0.9\slf4j-simple-2.0.9.jar;C:\Users\JoshuaSalcedo\.m2\repository\org\junit\platform\junit-platform-engine\1.10.1\junit-platform-engine-1.10.1.jar;"/>
    <property name="java.vm.vendor" value="Eclipse Adoptium"/>
    <property name="sun.arch.data.model" value="64"/>
    <property name="user.variant" value=""/>
    <property name="java.vendor.url" value="https://adoptium.net/"/>
    <property name="user.timezone" value="Asia/Manila"/>
    <property name="os.name" value="Windows 11"/>
    <property name="java.vm.specification.version" value="21"/>
    <property name="sun.java.launcher" value="SUN_STANDARD"/>
    <property name="user.country" value="PH"/>
    <property name="sun.boot.library.path" value="C:\Program Files\Eclipse Adoptium\jdk-21.0.7.6-hotspot\bin"/>
    <property name="sun.java.command" value="C:\Users\JoshuaSalcedo\AppData\Local\Temp\surefire15148375902719856684\surefirebooter-20250516020516498_3.jar C:\Users\JoshuaSalcedo\AppData\Local\Temp\surefire15148375902719856684 2025-05-16T02-05-16_359-jvmRun1 surefire-20250516020516498_1tmp surefire_0-20250516020516498_2tmp"/>
    <property name="jdk.debug" value="release"/>
    <property name="surefire.test.class.path" value="C:\Users\JoshuaSalcedo\IdeaProjects\core\library-parent\pretty-console\target\test-classes;C:\Users\JoshuaSalcedo\IdeaProjects\core\library-parent\pretty-console\target\classes;C:\Users\JoshuaSalcedo\.m2\repository\org\junit\platform\junit-platform-suite\1.10.1\junit-platform-suite-1.10.1.jar;C:\Users\JoshuaSalcedo\.m2\repository\org\junit\platform\junit-platform-suite-api\1.10.1\junit-platform-suite-api-1.10.1.jar;C:\Users\JoshuaSalcedo\.m2\repository\org\projectlombok\lombok\1.18.38\lombok-1.18.38.jar;C:\Users\JoshuaSalcedo\.m2\repository\org\junit\platform\junit-platform-suite-engine\1.10.1\junit-platform-suite-engine-1.10.1.jar;C:\Users\JoshuaSalcedo\.m2\repository\org\apiguardian\apiguardian-api\1.1.2\apiguardian-api-1.1.2.jar;C:\Users\JoshuaSalcedo\.m2\repository\org\junit\platform\junit-platform-suite-commons\1.10.1\junit-platform-suite-commons-1.10.1.jar;C:\Users\JoshuaSalcedo\.m2\repository\org\junit\platform\junit-platform-launcher\1.10.1\junit-platform-launcher-1.10.1.jar;C:\Users\JoshuaSalcedo\.m2\repository\org\junit\jupiter\junit-jupiter-api\5.10.1\junit-jupiter-api-5.10.1.jar;C:\Users\JoshuaSalcedo\.m2\repository\org\opentest4j\opentest4j\1.3.0\opentest4j-1.3.0.jar;C:\Users\JoshuaSalcedo\.m2\repository\org\junit\platform\junit-platform-commons\1.10.1\junit-platform-commons-1.10.1.jar;C:\Users\JoshuaSalcedo\.m2\repository\org\junit\jupiter\junit-jupiter-engine\5.10.1\junit-jupiter-engine-5.10.1.jar;C:\Users\JoshuaSalcedo\.m2\repository\org\junit\jupiter\junit-jupiter-params\5.10.1\junit-jupiter-params-5.10.1.jar;C:\Users\JoshuaSalcedo\.m2\repository\org\slf4j\slf4j-api\2.0.9\slf4j-api-2.0.9.jar;C:\Users\JoshuaSalcedo\.m2\repository\org\slf4j\slf4j-simple\2.0.9\slf4j-simple-2.0.9.jar;C:\Users\JoshuaSalcedo\.m2\repository\org\junit\platform\junit-platform-engine\1.10.1\junit-platform-engine-1.10.1.jar;"/>
    <property name="sun.cpu.endian" value="little"/>
    <property name="user.home" value="C:\Users\JoshuaSalcedo"/>
    <property name="user.language" value="en"/>
    <property name="java.specification.vendor" value="Oracle Corporation"/>
    <property name="java.version.date" value="2025-04-15"/>
    <property name="java.home" value="C:\Program Files\Eclipse Adoptium\jdk-21.0.7.6-hotspot"/>
    <property name="file.separator" value="\"/>
    <property name="basedir" value="C:\Users\JoshuaSalcedo\IdeaProjects\core\library-parent\pretty-console"/>
    <property name="java.vm.compressedOopsMode" value="Zero based"/>
    <property name="line.separator" value="&#10;"/>
    <property name="java.vm.specification.vendor" value="Oracle Corporation"/>
    <property name="java.specification.name" value="Java Platform API Specification"/>
    <property name="surefire.real.class.path" value="C:\Users\JoshuaSalcedo\AppData\Local\Temp\surefire15148375902719856684\surefirebooter-20250516020516498_3.jar"/>
    <property name="user.script" value=""/>
    <property name="sun.management.compiler" value="HotSpot 64-Bit Tiered Compilers"/>
    <property name="java.runtime.version" value="21.0.7+6-LTS"/>
    <property name="user.name" value="JoshuaSalcedo"/>
    <property name="stdout.encoding" value="Cp1252"/>
    <property name="path.separator" value=";"/>
    <property name="os.version" value="10.0"/>
    <property name="java.runtime.name" value="OpenJDK Runtime Environment"/>
    <property name="file.encoding" value="UTF-8"/>
    <property name="java.vm.name" value="OpenJDK 64-Bit Server VM"/>
    <property name="java.vendor.version" value="Temurin-21.0.7+6"/>
    <property name="localRepository" value="C:\Users\JoshuaSalcedo\.m2\repository"/>
    <property name="java.vendor.url.bug" value="https://github.com/adoptium/adoptium-support/issues"/>
    <property name="java.io.tmpdir" value="C:\Users\JOSHUA~1\AppData\Local\Temp\"/>
    <property name="java.version" value="21.0.7"/>
    <property name="user.dir" value="C:\Users\JoshuaSalcedo\IdeaProjects\core\library-parent\pretty-console"/>
    <property name="os.arch" value="amd64"/>
    <property name="java.vm.specification.name" value="Java Virtual Machine Specification"/>
    <property name="sun.os.patch.level" value=""/>
    <property name="native.encoding" value="Cp1252"/>
    <property name="java.library.path" value="C:\Program Files\Eclipse Adoptium\jdk-21.0.7.6-hotspot\bin;C:\WINDOWS\Sun\Java\bin;C:\WINDOWS\system32;C:\WINDOWS;C:\Program Files\Eclipse Adoptium\jdk-21.0.7.6-hotspot\bin;C:\Program Files\java\graalvm-jdk-24\bin;C:\WINDOWS\system32;C:\WINDOWS;C:\WINDOWS\System32\Wbem;C:\WINDOWS\System32\WindowsPowerShell\v1.0\;C:\WINDOWS\System32\OpenSSH\;C:\Program Files\Git\cmd;C:\ProgramData\chocolatey\bin;C:\ProgramData\chocolatey\lib\maven\apache-maven-3.9.9\bin;C:\ProgramData\nvm;C:\nvm4w\nodejs;C:\Program Files\PuTTY\;C:\Program Files\PowerShell\7-preview\preview;C:\Program Files\GitHub CLI\;C:\Program Files\Maven\apache-maven-3.9.9\apache-maven\target\apache-maven-3.9.9\bin;C:\Program Files (x86)\Windows Kits\10\Windows Performance Toolkit\;C:\Program Files\Vagrant\bin;C:\Program Files\Docker\Docker\resources\bin;C:\ProgramData\nvm;C:\nvm4w\nodejs;C:\Program Files (x86)\Gpg4win\..\GnuPG\bin;C:\Program Files\PowerShell\7-preview;C:\Program Files\Eclipse Adoptium\jdk-21.0.7.6-hotspot\bin;C:\Program Files\java\graalvm-jdk-24\bin;C:\WINDOWS\system32;C:\WINDOWS;C:\WINDOWS\System32\Wbem;C:\WINDOWS\System32\WindowsPowerShell\v1.0\;C:\WINDOWS\System32\OpenSSH\;C:\Program Files\Git\cmd;C:\ProgramData\chocolatey\bin;C:\ProgramData\chocolatey\lib\maven\apache-maven-3.9.9\bin;C:\ProgramData\nvm;C:\nvm4w\nodejs;C:\Program Files\PuTTY\;C:\Program Files\PowerShell\7-preview\preview;C:\Program Files\GitHub CLI\;C:\Program Files\Maven\apache-maven-3.9.9\apache-maven\target\apache-maven-3.9.9\bin;C:\Program Files (x86)\Windows Kits\10\Windows Performance Toolkit\;C:\Program Files\Vagrant\bin;C:\Program Files\Docker\Docker\resources\bin;C:\ProgramData\nvm;C:\nvm4w\nodejs;C:\Program Files\PowerShell\7-preview;C:\Program Files\Eclipse Adoptium\jdk-21.0.7.6-hotspot\bin;C:\Program Files\java\graalvm-jdk-24\bin;C:\WINDOWS\system32;C:\WINDOWS;C:\WINDOWS\System32\Wbem;C:\WINDOWS\System32\WindowsPowerShell\v1.0\;C:\WINDOWS\System32\OpenSSH\;C:\Program Files\Git\cmd;C:\ProgramData\chocolatey\bin;C:\ProgramData\chocolatey\lib\maven\apache-maven-3.9.9\bin;C:\Program Files\PuTTY\;C:\Program Files\PowerShell\7-preview\preview;C:\Program Files\GitHub CLI\;C:\Program Files\Maven\apache-maven-3.9.9\apache-maven\target\apache-maven-3.9.9\bin;C:\Program Files (x86)\Windows Kits\10\Windows Performance Toolkit\;C:\Program Files\Vagrant\bin;C:\Program Files\Docker\Docker\resources\bin;C:\Users\JoshuaSalcedo\.cargo\bin;C:\Users\JoshuaSalcedo\AppData\Local\Programs\Python\Launcher\;C:\Users\JoshuaSalcedo\AppData\Local\Microsoft\WindowsApps;C:\Users\JoshuaSalcedo\AppData\Local\JetBrains\Toolbox\scripts;C:\Users\JoshuaSalcedo\DrJava;C:\Users\JoshuaSalcedo\AppData\Local\Programs\Microsoft VS Code\bin;C:\ProgramData\nvm;C:\nvm4w\nodejs;C:\Users\JoshuaSalcedo\AppData\Roaming\npm;."/>
    <property name="java.vm.info" value="mixed mode, sharing"/>
    <property name="stderr.encoding" value="Cp1252"/>
    <property name="java.vendor" value="Eclipse Adoptium"/>
    <property name="java.vm.version" value="21.0.7+6-LTS"/>
    <property name="sun.io.unicode.encoding" value="UnicodeLittle"/>
    <property name="java.class.version" value="65.0"/>
  </properties>
  <testcase name="testPerformance" classname="io.joshuasalcedo.library.prettyconsole.utils.TextUtilsTest" time="0.013">
    <system-out><![CDATA[-----------------------------------------
Testing ANSI pattern matching performance
Large text sample before (first 100 chars): &amp#27;[0mText segment 0&amp#27;[0m&amp#27;[1mText segment 1&amp#27;[0m&amp#27;[2mText segment 2&amp#27;[0m&amp#27;[3mText segment 3&amp#27;[0m&amp#27;[4mText seg
Processing time: 4 ms
Large text sample after (first 100 chars): Text segment 0Text segment 1Text segment 2Text segment 3Text segment 4Text segment 5Text segment 6Te
]]></system-out>
    <system-err><![CDATA[[main] INFO io.joshuasalcedo.library.prettyconsole.utils.TextUtilsTest - Starting ANSI pattern test
[main] INFO io.joshuasalcedo.library.prettyconsole.utils.TextUtilsTest - Starting performance test
[main] INFO io.joshuasalcedo.library.prettyconsole.utils.TextUtilsTest - Completed performance test
]]></system-err>
  </testcase>
  <testcase name="testMultipleAnsiCodesInString" classname="io.joshuasalcedo.library.prettyconsole.utils.TextUtilsTest" time="0.0">
    <system-out><![CDATA[-----------------------------------------
Testing multiple ANSI codes in a single string
Multiple codes text before: &amp#27;[34mBlue&amp#27;[31mRed&amp#27;[0mNormal
Multiple codes text after: BlueRedNormal
]]></system-out>
    <system-err><![CDATA[[main] INFO io.joshuasalcedo.library.prettyconsole.utils.TextUtilsTest - Starting ANSI pattern test
[main] INFO io.joshuasalcedo.library.prettyconsole.utils.TextUtilsTest - Starting multiple ANSI codes test
[main] INFO io.joshuasalcedo.library.prettyconsole.utils.TextUtilsTest - Completed multiple ANSI codes test
]]></system-err>
  </testcase>
  <testcase name="testTruncate" classname="io.joshuasalcedo.library.prettyconsole.utils.TextUtilsTest" time="0.001">
    <system-out><![CDATA[-----------------------------------------
Testing truncate method
Null string truncated to 5: 
Empty string truncated to 5: 
Short string before: Hello
Short string truncated to 10: Hello
Equal length string truncated to 5: Hello
Long string before: Hello World
Long string truncated to 5: Hello
String with ANSI before: &amp#27;[31mRed&amp#27;[0m &amp#27;[32mGreen&amp#27;[0m
String with ANSI truncated to 5: &amp#27;[31mRed&amp#27;[0m &amp#27;[32mG
]]></system-out>
    <system-err><![CDATA[[main] INFO io.joshuasalcedo.library.prettyconsole.utils.TextUtilsTest - Starting ANSI pattern test
[main] INFO io.joshuasalcedo.library.prettyconsole.utils.TextUtilsTest - Starting truncate test
[main] INFO io.joshuasalcedo.library.prettyconsole.utils.TextUtilsTest - Completed truncate test
]]></system-err>
  </testcase>
  <testcase name="testVisibleLength" classname="io.joshuasalcedo.library.prettyconsole.utils.TextUtilsTest" time="0.005">
    <system-out><![CDATA[-----------------------------------------
Testing visibleLength method
Null string length: 0
Empty string length: 0
Normal string before: Hello World, length: 11
String with ANSI before: &amp#27;[31mRed&amp#27;[0m &amp#27;[32mGreen&amp#27;[0m, length: 9
]]></system-out>
    <system-err><![CDATA[[main] INFO io.joshuasalcedo.library.prettyconsole.utils.TextUtilsTest - Starting ANSI pattern test
[main] INFO io.joshuasalcedo.library.prettyconsole.utils.TextUtilsTest - Starting visibleLength test
[main] INFO io.joshuasalcedo.library.prettyconsole.utils.TextUtilsTest - Completed visibleLength test
]]></system-err>
  </testcase>
  <testcase name="testBasicAnsiPatternMatching" classname="io.joshuasalcedo.library.prettyconsole.utils.TextUtilsTest" time="0.001">
    <system-out><![CDATA[-----------------------------------------
Testing pattern matching for ANSI escape sequences
Red text before: &amp#27;[31mThis is red text&amp#27;[0m
Bold text before: &amp#27;[1mThis is bold text&amp#27;[0m
Complex formatting before: &amp#27;[1;4;31mBold, underlined, and red&amp#27;[0m
No ANSI before: This has no ANSI codes
Red text after: This is red text
Bold text after: This is bold text
Complex formatting after: Bold, underlined, and red
No ANSI after: This has no ANSI codes
]]></system-out>
    <system-err><![CDATA[[main] INFO io.joshuasalcedo.library.prettyconsole.utils.TextUtilsTest - Starting ANSI pattern test
[main] INFO io.joshuasalcedo.library.prettyconsole.utils.TextUtilsTest - Starting basic ANSI pattern matching test
[main] INFO io.joshuasalcedo.library.prettyconsole.utils.TextUtilsTest - Completed basic ANSI pattern matching test
]]></system-err>
  </testcase>
  <testcase name="testPadLeft" classname="io.joshuasalcedo.library.prettyconsole.utils.TextUtilsTest" time="0.003">
    <system-out><![CDATA[-----------------------------------------
Testing padLeft method
Null string padLeft to width 2: '  '
Empty string padLeft to width 5: '     '
String 'Hello' padLeft to width 3: 'Hello'
String 'Hello' padLeft to width 7: '  Hello'
String 'Text' padLeft to width 7 with '-': '---Text'
String with ANSI before: &amp#27;[31mRed&amp#27;[0m
String with ANSI padLeft to width 5: '  &amp#27;[31mRed&amp#27;[0m'
]]></system-out>
    <system-err><![CDATA[[main] INFO io.joshuasalcedo.library.prettyconsole.utils.TextUtilsTest - Starting ANSI pattern test
[main] INFO io.joshuasalcedo.library.prettyconsole.utils.TextUtilsTest - Starting padLeft test
[main] INFO io.joshuasalcedo.library.prettyconsole.utils.TextUtilsTest - Completed padLeft test
]]></system-err>
  </testcase>
  <testcase name="testEdgeCases" classname="io.joshuasalcedo.library.prettyconsole.utils.TextUtilsTest" time="0.001">
    <system-out><![CDATA[-----------------------------------------
Testing edge cases for ANSI pattern
Incomplete ANSI code before: &amp#27;[
Empty string before: 
Surrounding codes before: &amp#27;[32mText with surrounding codes&amp#27;[0m
Surrounding codes after: Text with surrounding codes
]]></system-out>
    <system-err><![CDATA[[main] INFO io.joshuasalcedo.library.prettyconsole.utils.TextUtilsTest - Starting ANSI pattern test
[main] INFO io.joshuasalcedo.library.prettyconsole.utils.TextUtilsTest - Starting edge cases test
[main] INFO io.joshuasalcedo.library.prettyconsole.utils.TextUtilsTest - Completed edge cases test
]]></system-err>
  </testcase>
  <testcase name="testCenter" classname="io.joshuasalcedo.library.prettyconsole.utils.TextUtilsTest" time="0.006">
    <system-out><![CDATA[-----------------------------------------
Testing center method
Null string centered to width 2: '  '
Empty string centered to width 5: '     '
String 'Hello' centered to width 3: 'Hello'
String 'Hello' centered to width 7: ' Hello '
String 'Text' centered to width 8 with '-': '--Text--'
String 'Text' centered to width 6: ' Text '
String 'ABC' centered to width 6: ' ABC  '
String with ANSI before: &amp#27;[31mRed&amp#27;[0m
String with ANSI centered to width 5: ' &amp#27;[31mRed&amp#27;[0m '
]]></system-out>
    <system-err><![CDATA[[main] INFO io.joshuasalcedo.library.prettyconsole.utils.TextUtilsTest - Starting ANSI pattern test
[main] INFO io.joshuasalcedo.library.prettyconsole.utils.TextUtilsTest - Starting center test
[main] INFO io.joshuasalcedo.library.prettyconsole.utils.TextUtilsTest - Completed center test
]]></system-err>
  </testcase>
  <testcase name="testPadRight" classname="io.joshuasalcedo.library.prettyconsole.utils.TextUtilsTest" time="0.001">
    <system-out><![CDATA[-----------------------------------------
Testing padRight method
Null string padRight to width 2: '  '
Empty string padRight to width 5: '     '
String 'Hello' padRight to width 3: 'Hello'
String 'Hello' padRight to width 7: 'Hello  '
String 'Text' padRight to width 7 with '-': 'Text---'
String with ANSI before: &amp#27;[31mRed&amp#27;[0m
String with ANSI padRight to width 5: '&amp#27;[31mRed&amp#27;[0m  '
]]></system-out>
    <system-err><![CDATA[[main] INFO io.joshuasalcedo.library.prettyconsole.utils.TextUtilsTest - Starting ANSI pattern test
[main] INFO io.joshuasalcedo.library.prettyconsole.utils.TextUtilsTest - Starting padRight test
[main] INFO io.joshuasalcedo.library.prettyconsole.utils.TextUtilsTest - Completed padRight test
]]></system-err>
  </testcase>
  <testcase name="testRepeat" classname="io.joshuasalcedo.library.prettyconsole.utils.TextUtilsTest" time="0.001">
    <system-out><![CDATA[-----------------------------------------
Testing repeat method
Repeat 'a' 0 times: 
Repeat 'a' -1 times: 
Repeat 'a' 1 time: a
Repeat 'a' 5 times: aaaaa
Repeat space 5 times: '     '
]]></system-out>
    <system-err><![CDATA[[main] INFO io.joshuasalcedo.library.prettyconsole.utils.TextUtilsTest - Starting ANSI pattern test
[main] INFO io.joshuasalcedo.library.prettyconsole.utils.TextUtilsTest - Starting repeat test
[main] INFO io.joshuasalcedo.library.prettyconsole.utils.TextUtilsTest - Completed repeat test
]]></system-err>
  </testcase>
</testsuite>